[debug] [2022-12-11T09:22:21.429Z] ----------------------------------------------------------------------
[debug] [2022-12-11T09:22:21.434Z] Command:       /usr/bin/node /mnt/c/Users/ASUS/AppData/Roaming/npm/node_modules/firebase-tools/lib/bin/firebase.js deploy
[debug] [2022-12-11T09:22:21.435Z] CLI Version:   10.2.2
[debug] [2022-12-11T09:22:21.435Z] Platform:      linux
[debug] [2022-12-11T09:22:21.435Z] Node Version:  v12.22.0
[debug] [2022-12-11T09:22:21.441Z] Time:          Sun Dec 11 2022 16:22:21 GMT+0700 (Indochina Time)
[debug] [2022-12-11T09:22:21.441Z] ----------------------------------------------------------------------
[debug] 
[debug] [2022-12-11T09:22:21.462Z] >>> [apiv2][query] GET https://firebase-public.firebaseio.com/cli.json [none]
[debug] [2022-12-11T09:22:21.627Z] > command requires scopes: ["email","openid","https://www.googleapis.com/auth/cloudplatformprojects.readonly","https://www.googleapis.com/auth/firebase","https://www.googleapis.com/auth/cloud-platform"]
[debug] [2022-12-11T09:22:21.627Z] > authorizing via signed-in user (lai.manith.dev@gmail.com)
[debug] [2022-12-11T09:22:21.627Z] [iam] checking project staff-mgt for permissions ["firebase.projects.get","firebasehosting.sites.update"]
[debug] [2022-12-11T09:22:21.629Z] > refreshing access token with scopes: []
[debug] [2022-12-11T09:22:21.630Z] >>> HTTP REQUEST POST https://www.googleapis.com/oauth2/v3/token  
 <request body omitted>
[debug] [2022-12-11T09:22:22.098Z] <<< HTTP RESPONSE 400 {"date":"Sun, 11 Dec 2022 09:22:47 GMT","cache-control":"no-cache, no-store, max-age=0, must-revalidate","pragma":"no-cache","expires":"Mon, 01 Jan 1990 00:00:00 GMT","content-type":"application/json; charset=utf-8","vary":"X-Origin, Referer, Origin,Accept-Encoding","server":"scaffolding on HTTPServer2","x-xss-protection":"0","x-frame-options":"SAMEORIGIN","x-content-type-options":"nosniff","alt-svc":"h3=\":443\"; ma=2592000,h3-29=\":443\"; ma=2592000,h3-Q050=\":443\"; ma=2592000,h3-Q046=\":443\"; ma=2592000,h3-Q043=\":443\"; ma=2592000,quic=\":443\"; ma=2592000; v=\"46,43\"","accept-ranges":"none","transfer-encoding":"chunked"}
[debug] [2022-12-11T09:22:22.099Z] >>> [apiv2][query] POST https://cloudresourcemanager.googleapis.com/v1/projects/staff-mgt:testIamPermissions [none]
[debug] [2022-12-11T09:22:22.100Z] >>> [apiv2][body] POST https://cloudresourcemanager.googleapis.com/v1/projects/staff-mgt:testIamPermissions {"permissions":["firebase.projects.get","firebasehosting.sites.update"]}
[debug] [2022-12-11T09:22:22.386Z] <<< [apiv2][status] GET https://firebase-public.firebaseio.com/cli.json 200
[debug] [2022-12-11T09:22:22.387Z] <<< [apiv2][body] GET https://firebase-public.firebaseio.com/cli.json {"cloudBuildErrorAfter":1594252800000,"cloudBuildWarnAfter":1590019200000,"defaultNode10After":1594252800000,"minVersion":"3.0.5","node8DeploysDisabledAfter":1613390400000,"node8RuntimeDisabledAfter":1615809600000,"node8WarnAfter":1600128000000}
[debug] [2022-12-11T09:22:23.442Z] <<< [apiv2][status] POST https://cloudresourcemanager.googleapis.com/v1/projects/staff-mgt:testIamPermissions 401
[debug] [2022-12-11T09:22:23.442Z] <<< [apiv2][body] POST https://cloudresourcemanager.googleapis.com/v1/projects/staff-mgt:testIamPermissions {"error":{"code":401,"message":"Request had invalid authentication credentials. Expected OAuth 2 access token, login cookie or other valid authentication credential. See https://developers.google.com/identity/sign-in/web/devconsole-project.","status":"UNAUTHENTICATED","details":[{"@type":"type.googleapis.com/google.rpc.ErrorInfo","reason":"ACCESS_TOKEN_TYPE_UNSUPPORTED","metadata":{"method":"google.cloudresourcemanager.v1.Projects.TestIamPermissions","service":"cloudresourcemanager.googleapis.com"}}]}}
[debug] [2022-12-11T09:22:23.443Z] [iam] error while checking permissions, command may fail: FirebaseError: HTTP Error: 401, Request had invalid authentication credentials. Expected OAuth 2 access token, login cookie or other valid authentication credential. See https://developers.google.com/identity/sign-in/web/devconsole-project.
[debug] [2022-12-11T09:22:23.444Z] > refreshing access token with scopes: []
[debug] [2022-12-11T09:22:23.444Z] >>> HTTP REQUEST POST https://www.googleapis.com/oauth2/v3/token  
 <request body omitted>
[debug] [2022-12-11T09:22:23.742Z] <<< HTTP RESPONSE 400 {"date":"Sun, 11 Dec 2022 09:22:49 GMT","expires":"Mon, 01 Jan 1990 00:00:00 GMT","cache-control":"no-cache, no-store, max-age=0, must-revalidate","pragma":"no-cache","content-type":"application/json; charset=utf-8","vary":"X-Origin, Referer, Origin,Accept-Encoding","server":"scaffolding on HTTPServer2","x-xss-protection":"0","x-frame-options":"SAMEORIGIN","x-content-type-options":"nosniff","alt-svc":"h3=\":443\"; ma=2592000,h3-29=\":443\"; ma=2592000,h3-Q050=\":443\"; ma=2592000,h3-Q046=\":443\"; ma=2592000,h3-Q043=\":443\"; ma=2592000,quic=\":443\"; ma=2592000; v=\"46,43\"","accept-ranges":"none","transfer-encoding":"chunked"}
[debug] [2022-12-11T09:22:23.744Z] >>> [apiv2][query] GET https://firebase.googleapis.com/v1beta1/projects/staff-mgt [none]
[debug] [2022-12-11T09:22:24.158Z] <<< [apiv2][status] GET https://firebase.googleapis.com/v1beta1/projects/staff-mgt 401
[debug] [2022-12-11T09:22:24.158Z] <<< [apiv2][body] GET https://firebase.googleapis.com/v1beta1/projects/staff-mgt {"error":{"code":401,"message":"Request had invalid authentication credentials. Expected OAuth 2 access token, login cookie or other valid authentication credential. See https://developers.google.com/identity/sign-in/web/devconsole-project.","status":"UNAUTHENTICATED"}}
[debug] [2022-12-11T09:22:24.158Z] HTTP Error: 401, Request had invalid authentication credentials. Expected OAuth 2 access token, login cookie or other valid authentication credential. See https://developers.google.com/identity/sign-in/web/devconsole-project.
[debug] [2022-12-11T09:22:24.446Z] FirebaseError: HTTP Error: 401, Request had invalid authentication credentials. Expected OAuth 2 access token, login cookie or other valid authentication credential. See https://developers.google.com/identity/sign-in/web/devconsole-project.
    at module.exports (/mnt/c/Users/ASUS/AppData/Roaming/npm/node_modules/firebase-tools/lib/responseToError.js:47:12)
    at RetryOperation._fn (/mnt/c/Users/ASUS/AppData/Roaming/npm/node_modules/firebase-tools/lib/apiv2.js:286:39)
    at processTicksAndRejections (internal/process/task_queues.js:97:5)
[error] 
[error] Error: Failed to get Firebase project staff-mgt. Please make sure the project exists and your account has permission to access it.
